<?xml version="1.0" encoding="utf-8"?><testsuites name="pytest tests"><testsuite name="pytest" errors="0" failures="0" skipped="0" tests="27" time="4.948" timestamp="2026-08-18T16:37:55.032863+00:00" hostname="agent-env-e11c7d8a-e146-47bb-b6ac-5035213ec69b"><testcase classname="tests.backend_test" name="test_health" time="0.232" /><testcase classname="tests.backend_test" name="test_auth_me_no_token_returns_null" time="0.185" /><testcase classname="tests.backend_test" name="test_auth_me_with_token[administrator-admin-demo]" time="0.112" /><testcase classname="tests.backend_test" name="test_auth_me_with_token[pastor-pastor-demo]" time="0.116" /><testcase classname="tests.backend_test" name="test_auth_me_with_token[member-member-demo]" time="0.114" /><testcase classname="tests.backend_test" name="test_protected_procedure_without_token_unauthorized" time="0.149" /><testcase classname="tests.backend_test" name="test_church_mine[administrator-administrator]" time="0.135" /><testcase classname="tests.backend_test" name="test_church_mine[pastor-pastor]" time="0.148" /><testcase classname="tests.backend_test" name="test_church_mine[member-member]" time="0.149" /><testcase classname="tests.backend_test" name="test_member_home_returns_expected_shape" time="0.120" /><testcase classname="tests.backend_test" name="test_bible_complete_and_progress_increases" time="0.507" /><testcase classname="tests.backend_test" name="test_member_content_endpoints_200[member.dailyDevotional]" time="0.146" /><testcase classname="tests.backend_test" name="test_member_content_endpoints_200[community.calendar]" time="0.110" /><testcase classname="tests.backend_test" name="test_member_content_endpoints_200[community.events]" time="0.126" /><testcase classname="tests.backend_test" name="test_member_content_endpoints_200[community.announcements]" time="0.153" /><testcase classname="tests.backend_test" name="test_member_content_endpoints_200[connections.list]" time="0.153" /><testcase classname="tests.backend_test" name="test_member_content_endpoints_200[ebd.classes]" time="0.211" /><testcase classname="tests.backend_test" name="test_care_pastoral_signals_pastor_ok_member_forbidden" time="0.271" /><testcase classname="tests.backend_test" name="test_care_recalculate_pastor_ok_member_forbidden" time="0.259" /><testcase classname="tests.backend_test" name="test_admin_dashboard_admin_pastor_ok[administrator]" time="0.160" /><testcase classname="tests.backend_test" name="test_admin_dashboard_admin_pastor_ok[pastor]" time="0.108" /><testcase classname="tests.backend_test" name="test_admin_dashboard_member_forbidden" time="0.129" /><testcase classname="tests.backend_test" name="test_reports_monthly_admin_pastor_ok[administrator]" time="0.171" /><testcase classname="tests.backend_test" name="test_reports_monthly_admin_pastor_ok[pastor]" time="0.135" /><testcase classname="tests.backend_test" name="test_reports_monthly_member_forbidden" time="0.183" /><testcase classname="tests.backend_test" name="test_management_create_announcement_admin_ok_member_forbidden" time="0.313" /><testcase classname="tests.backend_test" name="test_management_create_event_admin_ok_member_forbidden" time="0.296" /></testsuite></testsuites>